Start testing: Oct 08 01:11 PKT
----------------------------------------------------------
1/39 Testing: compile with bug-checkers
1/39 Test: compile with bug-checkers
Command: "/usr/bin/cmake" "--build" "/home/vengeance/minnow/build" "-t" "functionality_testing" "webget"
Directory: /home/vengeance/minnow/build
"compile with bug-checkers" start time: Oct 08 01:11 PKT
Output:
----------------------------------------------------------
make[4]: warning: -j4 forced in submake: resetting jobserver mode.
[  5%] Built target minnow_debug
[  7%] Built target minnow_testing_debug
[ 17%] Built target util_debug
[ 20%] Built target minnow_testing_sanitized
[ 30%] Built target util_sanitized
[ 32%] Built target reassembler_win
[ 39%] Built target minnow_sanitized
[ 39%] Built target byte_stream_basics
[ 41%] Built target byte_stream_one_write
[ 46%] Built target byte_stream_capacity
[ 46%] Built target byte_stream_two_writes_sanitized
[ 49%] Built target byte_stream_two_writes
[ 51%] Built target byte_stream_many_writes_sanitized
[ 54%] Built target byte_stream_stress_test_sanitized
[ 56%] Built target byte_stream_stress_test
[ 59%] Built target byte_stream_many_writes
[ 62%] Built target reassembler_cap
[ 64%] Built target reassembler_single
[ 67%] Built target reassembler_single_sanitized
[ 69%] Built target reassembler_cap_sanitized
[ 72%] Built target reassembler_seq
[ 74%] Built target reassembler_seq_sanitized
[ 77%] Built target reassembler_dup_sanitized
[ 79%] Built target reassembler_dup
[ 82%] Built target reassembler_holes_sanitized
[ 84%] Built target reassembler_holes
[ 87%] Built target reassembler_overlapping_sanitized
[ 89%] Built target reassembler_overlapping
[ 92%] Built target byte_stream_capacity_sanitized
[ 94%] Built target byte_stream_basics_sanitized
[ 97%] Built target reassembler_win_sanitized
[100%] Built target byte_stream_one_write_sanitized
[100%] Built target functionality_testing
[ 37%] Built target minnow_debug
[ 37%] Built target stream_copy
[ 87%] Built target util_debug
[100%] Built target webget
<end of output>
Test time =   0.59 sec
----------------------------------------------------------
Test Passed.
"compile with bug-checkers" end time: Oct 08 01:11 PKT
"compile with bug-checkers" time elapsed: 00:00:00
----------------------------------------------------------

3/39 Testing: byte_stream_basics
3/39 Test: byte_stream_basics
Command: "/home/vengeance/minnow/build/tests/byte_stream_basics_sanitized"
Directory: /home/vengeance/minnow/build
"byte_stream_basics" start time: Oct 08 01:11 PKT
Output:
----------------------------------------------------------
<end of output>
Test time =   0.05 sec
----------------------------------------------------------
Test Passed.
"byte_stream_basics" end time: Oct 08 01:11 PKT
"byte_stream_basics" time elapsed: 00:00:00
----------------------------------------------------------

4/39 Testing: byte_stream_capacity
4/39 Test: byte_stream_capacity
Command: "/home/vengeance/minnow/build/tests/byte_stream_capacity_sanitized"
Directory: /home/vengeance/minnow/build
"byte_stream_capacity" start time: Oct 08 01:11 PKT
Output:
----------------------------------------------------------
<end of output>
Test time =   0.05 sec
----------------------------------------------------------
Test Passed.
"byte_stream_capacity" end time: Oct 08 01:11 PKT
"byte_stream_capacity" time elapsed: 00:00:00
----------------------------------------------------------

5/39 Testing: byte_stream_one_write
5/39 Test: byte_stream_one_write
Command: "/home/vengeance/minnow/build/tests/byte_stream_one_write_sanitized"
Directory: /home/vengeance/minnow/build
"byte_stream_one_write" start time: Oct 08 01:11 PKT
Output:
----------------------------------------------------------
<end of output>
Test time =   0.04 sec
----------------------------------------------------------
Test Passed.
"byte_stream_one_write" end time: Oct 08 01:11 PKT
"byte_stream_one_write" time elapsed: 00:00:00
----------------------------------------------------------

6/39 Testing: byte_stream_two_writes
6/39 Test: byte_stream_two_writes
Command: "/home/vengeance/minnow/build/tests/byte_stream_two_writes_sanitized"
Directory: /home/vengeance/minnow/build
"byte_stream_two_writes" start time: Oct 08 01:11 PKT
Output:
----------------------------------------------------------
<end of output>
Test time =   0.04 sec
----------------------------------------------------------
Test Passed.
"byte_stream_two_writes" end time: Oct 08 01:11 PKT
"byte_stream_two_writes" time elapsed: 00:00:00
----------------------------------------------------------

7/39 Testing: byte_stream_many_writes
7/39 Test: byte_stream_many_writes
Command: "/home/vengeance/minnow/build/tests/byte_stream_many_writes_sanitized"
Directory: /home/vengeance/minnow/build
"byte_stream_many_writes" start time: Oct 08 01:11 PKT
Output:
----------------------------------------------------------
<end of output>
Test time =   0.12 sec
----------------------------------------------------------
Test Passed.
"byte_stream_many_writes" end time: Oct 08 01:11 PKT
"byte_stream_many_writes" time elapsed: 00:00:00
----------------------------------------------------------

8/39 Testing: byte_stream_stress_test
8/39 Test: byte_stream_stress_test
Command: "/home/vengeance/minnow/build/tests/byte_stream_stress_test_sanitized"
Directory: /home/vengeance/minnow/build
"byte_stream_stress_test" start time: Oct 08 01:11 PKT
Output:
----------------------------------------------------------
<end of output>
Test time =   0.05 sec
----------------------------------------------------------
Test Passed.
"byte_stream_stress_test" end time: Oct 08 01:11 PKT
"byte_stream_stress_test" time elapsed: 00:00:00
----------------------------------------------------------

9/39 Testing: reassembler_single
9/39 Test: reassembler_single
Command: "/home/vengeance/minnow/build/tests/reassembler_single_sanitized"
Directory: /home/vengeance/minnow/build
"reassembler_single" start time: Oct 08 01:11 PKT
Output:
----------------------------------------------------------
<end of output>
Test time =   0.03 sec
----------------------------------------------------------
Test Passed.
"reassembler_single" end time: Oct 08 01:11 PKT
"reassembler_single" time elapsed: 00:00:00
----------------------------------------------------------

10/39 Testing: reassembler_cap
10/39 Test: reassembler_cap
Command: "/home/vengeance/minnow/build/tests/reassembler_cap_sanitized"
Directory: /home/vengeance/minnow/build
"reassembler_cap" start time: Oct 08 01:11 PKT
Output:
----------------------------------------------------------
<end of output>
Test time =   0.04 sec
----------------------------------------------------------
Test Passed.
"reassembler_cap" end time: Oct 08 01:11 PKT
"reassembler_cap" time elapsed: 00:00:00
----------------------------------------------------------

11/39 Testing: reassembler_seq
11/39 Test: reassembler_seq
Command: "/home/vengeance/minnow/build/tests/reassembler_seq_sanitized"
Directory: /home/vengeance/minnow/build
"reassembler_seq" start time: Oct 08 01:11 PKT
Output:
----------------------------------------------------------
<end of output>
Test time =   0.04 sec
----------------------------------------------------------
Test Passed.
"reassembler_seq" end time: Oct 08 01:11 PKT
"reassembler_seq" time elapsed: 00:00:00
----------------------------------------------------------

12/39 Testing: reassembler_dup
12/39 Test: reassembler_dup
Command: "/home/vengeance/minnow/build/tests/reassembler_dup_sanitized"
Directory: /home/vengeance/minnow/build
"reassembler_dup" start time: Oct 08 01:11 PKT
Output:
----------------------------------------------------------
<end of output>
Test time =   0.07 sec
----------------------------------------------------------
Test Passed.
"reassembler_dup" end time: Oct 08 01:11 PKT
"reassembler_dup" time elapsed: 00:00:00
----------------------------------------------------------

13/39 Testing: reassembler_holes
13/39 Test: reassembler_holes
Command: "/home/vengeance/minnow/build/tests/reassembler_holes_sanitized"
Directory: /home/vengeance/minnow/build
"reassembler_holes" start time: Oct 08 01:11 PKT
Output:
----------------------------------------------------------
<end of output>
Test time =   0.04 sec
----------------------------------------------------------
Test Passed.
"reassembler_holes" end time: Oct 08 01:11 PKT
"reassembler_holes" time elapsed: 00:00:00
----------------------------------------------------------

14/39 Testing: reassembler_overlapping
14/39 Test: reassembler_overlapping
Command: "/home/vengeance/minnow/build/tests/reassembler_overlapping_sanitized"
Directory: /home/vengeance/minnow/build
"reassembler_overlapping" start time: Oct 08 01:11 PKT
Output:
----------------------------------------------------------
<end of output>
Test time =   0.04 sec
----------------------------------------------------------
Test Passed.
"reassembler_overlapping" end time: Oct 08 01:11 PKT
"reassembler_overlapping" time elapsed: 00:00:00
----------------------------------------------------------

15/39 Testing: reassembler_win
15/39 Test: reassembler_win
Command: "/home/vengeance/minnow/build/tests/reassembler_win_sanitized"
Directory: /home/vengeance/minnow/build
"reassembler_win" start time: Oct 08 01:11 PKT
Output:
----------------------------------------------------------
<end of output>
Test time =   1.48 sec
----------------------------------------------------------
Test Passed.
"reassembler_win" end time: Oct 08 01:11 PKT
"reassembler_win" time elapsed: 00:00:01
----------------------------------------------------------

37/39 Testing: compile with optimization
37/39 Test: compile with optimization
Command: "/usr/bin/cmake" "--build" "/home/vengeance/minnow/build" "-t" "speed_testing"
Directory: /home/vengeance/minnow/build
"compile with optimization" start time: Oct 08 01:11 PKT
Output:
----------------------------------------------------------
make[4]: warning: -j4 forced in submake: resetting jobserver mode.
[ 21%] Built target minnow_optimized
[ 78%] Built target util_optimized
[ 85%] Built target reassembler_speed_test
[100%] Built target byte_stream_speed_test
[100%] Built target speed_testing
<end of output>
Test time =   0.29 sec
----------------------------------------------------------
Test Passed.
"compile with optimization" end time: Oct 08 01:11 PKT
"compile with optimization" time elapsed: 00:00:00
----------------------------------------------------------

38/39 Testing: byte_stream_speed_test
38/39 Test: byte_stream_speed_test
Command: "/home/vengeance/minnow/build/tests/byte_stream_speed_test"
Directory: /home/vengeance/minnow/build
"byte_stream_speed_test" start time: Oct 08 01:11 PKT
Output:
----------------------------------------------------------
ByteStream with capacity=32768, write_size=1500, read_size=128 reached 2.01 Gbit/s.
<end of output>
Test time =   0.27 sec
----------------------------------------------------------
Test Passed.
"byte_stream_speed_test" end time: Oct 08 01:11 PKT
"byte_stream_speed_test" time elapsed: 00:00:00
----------------------------------------------------------

39/39 Testing: reassembler_speed_test
39/39 Test: reassembler_speed_test
Command: "/home/vengeance/minnow/build/tests/reassembler_speed_test"
Directory: /home/vengeance/minnow/build
"reassembler_speed_test" start time: Oct 08 01:11 PKT
Output:
----------------------------------------------------------
Reassembler to ByteStream with capacity=1500 reached 6.12 Gbit/s.
<end of output>
Test time =   0.43 sec
----------------------------------------------------------
Test Passed.
"reassembler_speed_test" end time: Oct 08 01:11 PKT
"reassembler_speed_test" time elapsed: 00:00:00
----------------------------------------------------------

End testing: Oct 08 01:11 PKT
